INFO main org.hibernate.orm.connections.pooling - HHH10001001: Connection properties: {user=root, password=vertrigo}
INFO main org.hibernate.orm.connections.pooling - HHH10001003: Autocommit mode: false
DEBUG main org.hibernate.engine.jdbc.connections.internal.DriverManagerConnectionProviderImpl - Initializing Connection pool with 1 Connections
INFO main org.hibernate.engine.jdbc.connections.internal.DriverManagerConnectionProviderImpl - HHH000115: Hibernate connection pool size: 20 (min=1)
DEBUG main org.hibernate.engine.jdbc.env.internal.JdbcEnvironmentInitiator - Database ->
       name : MySQL
    version : 5.7.11
      major : 5
      minor : 7
DEBUG main org.hibernate.engine.jdbc.env.internal.JdbcEnvironmentInitiator - Driver ->
       name : MySQL Connector Java
    version : mysql-connector-java-5.1.40 ( Revision: 402933ef52cad9aa82624e80acbea46e3a701ce6 )
      major : 5
      minor : 1
DEBUG main org.hibernate.engine.jdbc.env.internal.JdbcEnvironmentInitiator - JDBC version : 4.0
INFO main org.hibernate.dialect.Dialect - HHH000400: Using dialect: org.hibernate.dialect.MySQL5InnoDBDialect
DEBUG main org.hibernate.engine.jdbc.env.spi.IdentifierHelperBuilder - JDBC driver metadata reported database stores quoted identifiers in more than one case
DEBUG main org.hibernate.engine.jdbc.env.spi.IdentifierHelperBuilder - IdentifierCaseStrategy for both quoted and unquoted identifiers was set to the same strategy [LOWER]; that will likely lead to problems in schema update and validation if using quoted identifiers
DEBUG main org.hibernate.id.factory.internal.DefaultIdentifierGeneratorFactory - Registering IdentifierGenerator strategy [uuid2] -> [org.hibernate.id.UUIDGenerator]
DEBUG main org.hibernate.id.factory.internal.DefaultIdentifierGeneratorFactory - Registering IdentifierGenerator strategy [guid] -> [org.hibernate.id.GUIDGenerator]
DEBUG main org.hibernate.id.factory.internal.DefaultIdentifierGeneratorFactory - Registering IdentifierGenerator strategy [uuid] -> [org.hibernate.id.UUIDHexGenerator]
DEBUG main org.hibernate.id.factory.internal.DefaultIdentifierGeneratorFactory - Registering IdentifierGenerator strategy [uuid.hex] -> [org.hibernate.id.UUIDHexGenerator]
DEBUG main org.hibernate.id.factory.internal.DefaultIdentifierGeneratorFactory - Registering IdentifierGenerator strategy [assigned] -> [org.hibernate.id.Assigned]
DEBUG main org.hibernate.id.factory.internal.DefaultIdentifierGeneratorFactory - Registering IdentifierGenerator strategy [identity] -> [org.hibernate.id.IdentityGenerator]
DEBUG main org.hibernate.id.factory.internal.DefaultIdentifierGeneratorFactory - Registering IdentifierGenerator strategy [select] -> [org.hibernate.id.SelectGenerator]
DEBUG main org.hibernate.id.factory.internal.DefaultIdentifierGeneratorFactory - Registering IdentifierGenerator strategy [sequence] -> [org.hibernate.id.enhanced.SequenceStyleGenerator]
DEBUG main org.hibernate.id.factory.internal.DefaultIdentifierGeneratorFactory - Registering IdentifierGenerator strategy [seqhilo] -> [org.hibernate.id.SequenceHiLoGenerator]
DEBUG main org.hibernate.id.factory.internal.DefaultIdentifierGeneratorFactory - Registering IdentifierGenerator strategy [increment] -> [org.hibernate.id.IncrementGenerator]
DEBUG main org.hibernate.id.factory.internal.DefaultIdentifierGeneratorFactory - Registering IdentifierGenerator strategy [foreign] -> [org.hibernate.id.ForeignGenerator]
DEBUG main org.hibernate.id.factory.internal.DefaultIdentifierGeneratorFactory - Registering IdentifierGenerator strategy [sequence-identity] -> [org.hibernate.id.SequenceIdentityGenerator]
DEBUG main org.hibernate.id.factory.internal.DefaultIdentifierGeneratorFactory - Registering IdentifierGenerator strategy [enhanced-sequence] -> [org.hibernate.id.enhanced.SequenceStyleGenerator]
DEBUG main org.hibernate.id.factory.internal.DefaultIdentifierGeneratorFactory - Registering IdentifierGenerator strategy [enhanced-table] -> [org.hibernate.id.enhanced.TableGenerator]
DEBUG main org.hibernate.boot.model.relational.Namespace - Created database namespace [logicalName=Name{catalog=null, schema=null}, physicalName=Name{catalog=null, schema=null}]
DEBUG main org.hibernate.cfg.AnnotationBinder - Binding entity from annotated class: br.com.caelum.tarefas.modelo.Tarefa
DEBUG main org.hibernate.cfg.Ejb3Column - Binding column: Ejb3DiscriminatorColumn{logicalColumnName'DTYPE', discriminatorTypeName='string'}
DEBUG main org.hibernate.cfg.annotations.EntityBinder - Import with entity name Tarefa
DEBUG main org.hibernate.cfg.annotations.EntityBinder - Bind entity br.com.caelum.tarefas.modelo.Tarefa on table Tarefa
DEBUG main org.hibernate.cfg.Ejb3Column - Binding column: Ejb3Column{table=org.hibernate.mapping.Table(Tarefa), mappingColumn=id, insertable=true, updatable=true, unique=false}
DEBUG main org.hibernate.cfg.annotations.PropertyBinder - MetadataSourceProcessor property id with lazy=false
DEBUG main org.hibernate.cfg.AbstractPropertyHolder - Attempting to locate auto-apply AttributeConverter for property [br.com.caelum.tarefas.modelo.Tarefa:id]
DEBUG main org.hibernate.cfg.annotations.SimpleValueBinder - building SimpleValue for id
DEBUG main org.hibernate.cfg.annotations.PropertyBinder - Building property id
DEBUG main org.hibernate.cfg.Ejb3Column - Binding column: Ejb3Column{table=org.hibernate.mapping.Table(Tarefa), mappingColumn=dataFinalizacao, insertable=true, updatable=true, unique=false}
DEBUG main org.hibernate.cfg.annotations.PropertyBinder - MetadataSourceProcessor property dataFinalizacao with lazy=false
DEBUG main org.hibernate.cfg.AbstractPropertyHolder - Attempting to locate auto-apply AttributeConverter for property [br.com.caelum.tarefas.modelo.Tarefa:dataFinalizacao]
DEBUG main org.hibernate.cfg.annotations.SimpleValueBinder - building SimpleValue for dataFinalizacao
DEBUG main org.hibernate.cfg.annotations.PropertyBinder - Building property dataFinalizacao
DEBUG main org.hibernate.cfg.Ejb3Column - Binding column: Ejb3Column{table=org.hibernate.mapping.Table(Tarefa), mappingColumn=descricao, insertable=true, updatable=true, unique=false}
DEBUG main org.hibernate.cfg.annotations.PropertyBinder - MetadataSourceProcessor property descricao with lazy=false
DEBUG main org.hibernate.cfg.AbstractPropertyHolder - Attempting to locate auto-apply AttributeConverter for property [br.com.caelum.tarefas.modelo.Tarefa:descricao]
DEBUG main org.hibernate.cfg.annotations.SimpleValueBinder - building SimpleValue for descricao
DEBUG main org.hibernate.cfg.annotations.PropertyBinder - Building property descricao
DEBUG main org.hibernate.cfg.Ejb3Column - Binding column: Ejb3Column{table=org.hibernate.mapping.Table(Tarefa), mappingColumn=finalizado, insertable=true, updatable=true, unique=false}
DEBUG main org.hibernate.cfg.annotations.PropertyBinder - MetadataSourceProcessor property finalizado with lazy=false
DEBUG main org.hibernate.cfg.AbstractPropertyHolder - Attempting to locate auto-apply AttributeConverter for property [br.com.caelum.tarefas.modelo.Tarefa:finalizado]
DEBUG main org.hibernate.cfg.annotations.SimpleValueBinder - building SimpleValue for finalizado
DEBUG main org.hibernate.cfg.annotations.PropertyBinder - Building property finalizado
DEBUG main org.hibernate.cfg.annotations.SimpleValueBinder - Starting fillSimpleValue for id
DEBUG main org.hibernate.cfg.annotations.SimpleValueBinder - Starting fillSimpleValue for dataFinalizacao
DEBUG main org.hibernate.cfg.annotations.SimpleValueBinder - Starting fillSimpleValue for descricao
DEBUG main org.hibernate.cfg.annotations.SimpleValueBinder - Starting fillSimpleValue for finalizado
DEBUG main org.hibernate.mapping.PrimaryKey - Forcing column [id] to be non-null as it is part of the primary key for table [tarefa]
DEBUG main org.hibernate.internal.SessionFactoryImpl - Building session factory
DEBUG main org.hibernate.cfg.Settings - SessionFactory name : null
DEBUG main org.hibernate.cfg.Settings - Automatic flush during beforeCompletion(): enabled
DEBUG main org.hibernate.cfg.Settings - Automatic session close at end of transaction: disabled
DEBUG main org.hibernate.cfg.Settings - Statistics: disabled
DEBUG main org.hibernate.cfg.Settings - Deleted entity synthetic identifier rollback: disabled
DEBUG main org.hibernate.cfg.Settings - Default entity-mode: pojo
DEBUG main org.hibernate.cfg.Settings - Check Nullability in Core (should be disabled when Bean Validation is on): enabled
DEBUG main org.hibernate.cfg.Settings - Allow initialization of lazy state outside session : disabled
DEBUG main org.hibernate.cfg.Settings - Using BatchFetchStyle : LEGACY
DEBUG main org.hibernate.cfg.Settings - Default batch fetch size: -1
DEBUG main org.hibernate.cfg.Settings - Maximum outer join fetch depth: 2
DEBUG main org.hibernate.cfg.Settings - Default null ordering: NONE
DEBUG main org.hibernate.cfg.Settings - Order SQL updates by primary key: disabled
DEBUG main org.hibernate.cfg.Settings - Order SQL inserts for batching: disabled
DEBUG main org.hibernate.cfg.Settings - multi-tenancy strategy : NONE
DEBUG main org.hibernate.cfg.Settings - JTA Track by Thread: enabled
DEBUG main org.hibernate.cfg.Settings - Query language substitutions: {}
DEBUG main org.hibernate.cfg.Settings - JPA query language strict compliance: disabled
DEBUG main org.hibernate.cfg.Settings - Named query checking : enabled
DEBUG main org.hibernate.cfg.Settings - Second-level cache: enabled
DEBUG main org.hibernate.cfg.Settings - Second-level query cache: disabled
DEBUG main org.hibernate.cfg.Settings - Second-level query cache factory: org.hibernate.cache.internal.StandardQueryCacheFactory@776a6d9b
DEBUG main org.hibernate.cfg.Settings - Second-level cache region prefix: null
DEBUG main org.hibernate.cfg.Settings - Optimize second-level cache for minimal puts: disabled
DEBUG main org.hibernate.cfg.Settings - Structured second-level cache entries: disabled
DEBUG main org.hibernate.cfg.Settings - Second-level cache direct-reference entries: disabled
DEBUG main org.hibernate.cfg.Settings - Automatic eviction of collection cache: disabled
DEBUG main org.hibernate.cfg.Settings - JDBC batch size: 15
DEBUG main org.hibernate.cfg.Settings - JDBC batch updates for versioned data: enabled
DEBUG main org.hibernate.cfg.Settings - Scrollable result sets: enabled
DEBUG main org.hibernate.cfg.Settings - Wrap result sets: disabled
DEBUG main org.hibernate.cfg.Settings - JDBC3 getGeneratedKeys(): enabled
DEBUG main org.hibernate.cfg.Settings - JDBC result set fetch size: null
DEBUG main org.hibernate.cfg.Settings - Connection release mode: AFTER_TRANSACTION
DEBUG main org.hibernate.cfg.Settings - Generate SQL with comments: disabled
DEBUG main org.hibernate.internal.SessionFactoryImpl - Session factory constructed with filter configurations : {}
DEBUG main org.hibernate.internal.SessionFactoryImpl - Instantiating session factory with properties: {sun.desktop=windows, hibernate.format_sql=true, awt.toolkit=sun.awt.windows.WToolkit, file.encoding.pkg=sun.io, java.specification.version=1.8, sun.cpu.isalist=amd64, sun.jnu.encoding=Cp1252, hibernate.dialect=org.hibernate.dialect.MySQL5InnoDBDialect, java.class.path=C:\Users\tiago\workspace\fj21-tarefas\target\classes;C:\Users\tiago\.m2\repository\javax\inject\javax.inject\1\javax.inject-1.jar;C:\Users\tiago\.gradle\caches\modules-2\files-2.1\org.springframework\spring-beans\4.3.5.RELEASE\e12bbc3277da28e2e2608a187f83091dc6c300bf\spring-beans-4.3.5.RELEASE.jar;C:\Users\tiago\.m2\repository\org\springframework\spring-aop\4.3.5.RELEASE\spring-aop-4.3.5.RELEASE.jar;C:\Users\tiago\.m2\repository\org\springframework\spring-aspects\4.3.5.RELEASE\spring-aspects-4.3.5.RELEASE.jar;C:\Users\tiago\.m2\repository\org\aspectj\aspectjweaver\1.8.9\aspectjweaver-1.8.9.jar;C:\Users\tiago\.m2\repository\org\springframework\spring-beans\4.3.5.RELEASE\spring-beans-4.3.5.RELEASE.jar;C:\Users\tiago\.m2\repository\org\springframework\spring-context\4.3.5.RELEASE\spring-context-4.3.5.RELEASE.jar;C:\Users\tiago\.m2\repository\org\springframework\spring-core\4.3.5.RELEASE\spring-core-4.3.5.RELEASE.jar;C:\Users\tiago\.m2\repository\org\springframework\spring-expression\4.3.5.RELEASE\spring-expression-4.3.5.RELEASE.jar;C:\Users\tiago\.m2\repository\org\springframework\spring-jdbc\4.3.5.RELEASE\spring-jdbc-4.3.5.RELEASE.jar;C:\Users\tiago\.m2\repository\org\springframework\spring-tx\4.3.5.RELEASE\spring-tx-4.3.5.RELEASE.jar;C:\Users\tiago\.m2\repository\org\springframework\spring-web\4.3.5.RELEASE\spring-web-4.3.5.RELEASE.jar;C:\Users\tiago\.m2\repository\org\springframework\spring-webmvc\4.3.5.RELEASE\spring-webmvc-4.3.5.RELEASE.jar;C:\Users\tiago\.m2\repository\commons-logging\commons-logging\1.2\commons-logging-1.2.jar;C:\Users\tiago\.m2\repository\org\slf4j\slf4j-api\1.7.22\slf4j-api-1.7.22.jar;C:\Users\tiago\.m2\repository\org\slf4j\slf4j-log4j12\1.7.22\slf4j-log4j12-1.7.22.jar;C:\Users\tiago\.m2\repository\log4j\log4j\1.2.17\log4j-1.2.17.jar;C:\Users\tiago\.m2\repository\mysql\mysql-connector-java\5.1.40\mysql-connector-java-5.1.40.jar;C:\Users\tiago\.m2\repository\com\fasterxml\classmate\1.3.3\classmate-1.3.3.jar;C:\Users\tiago\.m2\repository\org\jboss\logging\jboss-logging\3.3.0.Final\jboss-logging-3.3.0.Final.jar;C:\Users\tiago\.m2\repository\javax\validation\validation-api\1.1.0.Final\validation-api-1.1.0.Final.jar;C:\Users\tiago\.m2\repository\org\hibernate\hibernate-validator\5.3.4.Final\hibernate-validator-5.3.4.Final.jar;C:\Users\tiago\.m2\repository\org\hibernate\hibernate-validator-cdi\5.3.4.Final\hibernate-validator-cdi-5.3.4.Final.jar;C:\Users\tiago\.m2\repository\javax\servlet\javax.servlet-api\3.1.0\javax.servlet-api-3.1.0.jar;C:\Users\tiago\.m2\repository\javax\servlet\jstl\1.2\jstl-1.2.jar;C:\Users\tiago\.m2\repository\javax\servlet\jsp\jstl\jstl-api\1.2-rev-1\jstl-api-1.2-rev-1.jar;C:\Users\tiago\.m2\repository\javax\servlet\servlet-api\2.5\servlet-api-2.5.jar;C:\Users\tiago\.m2\repository\javax\servlet\jsp\jsp-api\2.1\jsp-api-2.1.jar;C:\Users\tiago\.m2\repository\commons-dbcp\commons-dbcp\1.3\commons-dbcp-1.3.jar;C:\Users\tiago\.m2\repository\commons-pool\commons-pool\1.6\commons-pool-1.6.jar;C:\Users\tiago\.m2\repository\antlr\antlr\2.7.6\antlr-2.7.6.jar;C:\Users\tiago\.m2\repository\dom4j\dom4j\1.6.1\dom4j-1.6.1.jar;C:\Users\tiago\.m2\repository\xml-apis\xml-apis\1.0.b2\xml-apis-1.0.b2.jar;C:\Users\tiago\.m2\repository\org\hibernate\hibernate-core\5.2.6.Final\hibernate-core-5.2.6.Final.jar;C:\Users\tiago\.m2\repository\org\apache\geronimo\specs\geronimo-jta_1.1_spec\1.1.1\geronimo-jta_1.1_spec-1.1.1.jar;C:\Users\tiago\.m2\repository\javax\enterprise\cdi-api\1.1\cdi-api-1.1.jar;C:\Users\tiago\.m2\repository\javax\el\el-api\2.2\el-api-2.2.jar;C:\Users\tiago\.m2\repository\org\jboss\spec\javax\interceptor\jboss-interceptors-api_1.1_spec\1.0.0.Beta1\jboss-interceptors-api_1.1_spec-1.0.0.Beta1.jar;C:\Users\tiago\.m2\repository\javax\annotation\jsr250-api\1.0\jsr250-api-1.0.jar;C:\Users\tiago\.m2\repository\org\hibernate\hibernate-entitymanager\4.3.11.Final\hibernate-entitymanager-4.3.11.Final.jar;C:\Users\tiago\.m2\repository\org\jboss\spec\javax\transaction\jboss-transaction-api_1.2_spec\1.0.0.Final\jboss-transaction-api_1.2_spec-1.0.0.Final.jar;C:\Users\tiago\.m2\repository\org\jboss\jandex\2.0.3.Final\jandex-2.0.3.Final.jar;C:\Users\tiago\.m2\repository\org\javassist\javassist\3.21.0-GA\javassist-3.21.0-GA.jar;C:\Users\tiago\.m2\repository\org\jboss\logging\jboss-logging-annotations\2.0.2.Final\jboss-logging-annotations-2.0.2.Final.jar;C:\Users\tiago\.m2\repository\org\jboss\spec\javax\transaction\jboss-transaction-api_1.1_spec\1.0.1.Final\jboss-transaction-api_1.1_spec-1.0.1.Final.jar;C:\Users\tiago\.m2\repository\org\springframework\spring-orm\4.3.5.RELEASE\spring-orm-4.3.5.RELEASE.jar;C:\Users\tiago\.m2\repository\org\hibernate\javax\persistence\hibernate-jpa-2.1-api\1.0.0.Final\hibernate-jpa-2.1-api-1.0.0.Final.jar;C:\Users\tiago\.m2\repository\org\hibernate\common\hibernate-commons-annotations\5.0.1.Final\hibernate-commons-annotations-5.0.1.Final.jar;C:\Users\tiago\.m2\repository\org\springframework\data\spring-data-jpa\1.10.6.RELEASE\spring-data-jpa-1.10.6.RELEASE.jar;C:\Users\tiago\.m2\repository\org\springframework\data\spring-data-commons\1.12.6.RELEASE\spring-data-commons-1.12.6.RELEASE.jar;C:\Users\tiago\.m2\repository\org\aspectj\aspectjrt\1.8.9\aspectjrt-1.8.9.jar;C:\Users\tiago\.m2\repository\org\slf4j\jcl-over-slf4j\1.7.22\jcl-over-slf4j-1.7.22.jar;C:\Users\tiago\.m2\repository\hsqldb\hsqldb\1.8.0.10\hsqldb-1.8.0.10.jar;C:\Users\tiago\.m2\repository\aopalliance\aopalliance\1.0\aopalliance-1.0.jar, java.vm.vendor=Oracle Corporation, sun.arch.data.model=64, user.variant=, java.vendor.url=http://java.oracle.com/, user.timezone=, javax.persistence.jdbc.user=****, javax.persistence.jdbc.url=jdbc:mysql://localhost/fj21, os.name=Windows 10, java.vm.specification.version=1.8, user.country=BR, sun.java.launcher=SUN_STANDARD, sun.boot.library.path=C:\Program Files\Java\jre1.8.0_121\bin, sun.java.command=br.com.caelum.tarefas.jpa.BuscaTarefas, sun.cpu.endian=little, user.home=C:\Users\tiago, user.language=pt, java.specification.vendor=Oracle Corporation, java.home=C:\Program Files\Java\jre1.8.0_121, file.separator=\, line.separator=
, java.vm.specification.vendor=Oracle Corporation, java.specification.name=Java Platform API Specification, hibernate.transaction.coordinator_class=class org.hibernate.resource.transaction.backend.jdbc.internal.JdbcResourceLocalTransactionCoordinatorBuilderImpl, java.awt.graphicsenv=sun.awt.Win32GraphicsEnvironment, javax.persistence.jdbc.driver=com.mysql.jdbc.Driver, sun.boot.class.path=C:\Program Files\Java\jre1.8.0_121\lib\resources.jar;C:\Program Files\Java\jre1.8.0_121\lib\rt.jar;C:\Program Files\Java\jre1.8.0_121\lib\sunrsasign.jar;C:\Program Files\Java\jre1.8.0_121\lib\jsse.jar;C:\Program Files\Java\jre1.8.0_121\lib\jce.jar;C:\Program Files\Java\jre1.8.0_121\lib\charsets.jar;C:\Program Files\Java\jre1.8.0_121\lib\jfr.jar;C:\Program Files\Java\jre1.8.0_121\classes, hibernate.hbm2ddl.auto=update, user.script=, sun.management.compiler=HotSpot 64-Bit Tiered Compilers, java.runtime.version=1.8.0_121-b13, user.name=tiago, path.separator=;, hibernate.connection.username=root, os.version=10.0, java.endorsed.dirs=C:\Program Files\Java\jre1.8.0_121\lib\endorsed, java.runtime.name=Java(TM) SE Runtime Environment, hibernate.connection.url=jdbc:mysql://localhost/fj21, hibernate.ejb.persistenceUnitName=tarefas, file.encoding=Cp1252, java.vm.name=Java HotSpot(TM) 64-Bit Server VM, hibernate.show_sql=true, hibernate.connection.driver_class=com.mysql.jdbc.Driver, java.vendor.url.bug=http://bugreport.sun.com/bugreport/, java.io.tmpdir=C:\Users\tiago\AppData\Local\Temp\, java.version=1.8.0_121, user.dir=C:\Users\tiago\workspace\fj21-tarefas, os.arch=amd64, java.vm.specification.name=Java Virtual Machine Specification, hibernate.connection.password=****, java.awt.printerjob=sun.awt.windows.WPrinterJob, sun.os.patch.level=, hibernate.boot.CfgXmlAccessService.key=org.hibernate.boot.cfgxml.spi.LoadedConfig@5be49b60, java.library.path=C:\Program Files\Java\jre1.8.0_121\bin;C:\WINDOWS\Sun\Java\bin;C:\WINDOWS\system32;C:\WINDOWS;C:/Program Files/Java/jre1.8.0_121/bin/server;C:/Program Files/Java/jre1.8.0_121/bin;C:/Program Files/Java/jre1.8.0_121/lib/amd64;C:\ProgramData\Oracle\Java\javapath;C:\WINDOWS\system32;C:\WINDOWS;C:\WINDOWS\System32\Wbem;C:\WINDOWS\System32\WindowsPowerShell\v1.0\;%USERPROFILE%\.dnx\bin;C:\Program Files\Microsoft DNX\Dnvm\;C:\Program Files\Microsoft SQL Server\130\Tools\Binn\;C:\Program Files\nodejs\;C:\Program Files\Git LFS;C:\Users\tiago\Downloads\gradle-3.2-all\bin;C:\Program Files (x86)\Skype\Phone\;C:\Users\tiago\AppData\Roaming\npm;C:\Users\tiago\AppData\Local\Microsoft\WindowsApps;C:\Program Files\Java\jdk1.8.0_111\bin;C:\Program Files (x86)\Microsoft VS Code\bin;C:\Users\tiago\Desktop;;., java.vm.info=mixed mode, java.vendor=Oracle Corporation, java.vm.version=25.121-b13, hibernate.bytecode.use_reflection_optimizer=false, java.ext.dirs=C:\Program Files\Java\jre1.8.0_121\lib\ext;C:\WINDOWS\Sun\Java\lib\ext, sun.io.unicode.encoding=UnicodeLittle, javax.persistence.jdbc.password=vertrigo, java.class.version=52.0}
INFO main org.hibernate.validator.internal.util.Version - HV000001: Hibernate Validator 5.3.4.Final
DEBUG main org.hibernate.validator.internal.engine.resolver.DefaultTraversableResolver - Found javax.persistence.Persistence on classpath containing 'getPersistenceUtil'. Assuming JPA 2 environment. Trying to instantiate JPA aware TraversableResolver
DEBUG main org.hibernate.validator.internal.engine.resolver.DefaultTraversableResolver - Instantiated JPA aware TraversableResolver of type org.hibernate.validator.internal.engine.resolver.JPATraversableResolver.
DEBUG main org.hibernate.validator.internal.xml.ValidationXmlParser - Trying to load META-INF/validation.xml for XML based Validator configuration.
DEBUG main org.hibernate.validator.internal.xml.ResourceLoaderHelper - Trying to load META-INF/validation.xml via TCCL
DEBUG main org.hibernate.validator.internal.xml.ResourceLoaderHelper - Trying to load META-INF/validation.xml via Hibernate Validator's class loader
DEBUG main org.hibernate.validator.internal.xml.ValidationXmlParser - No META-INF/validation.xml found. Using annotation based configuration only.
DEBUG main org.hibernate.cfg.beanvalidation.TypeSafeActivator - Unable to acquire Bean Validation ValidatorFactory, skipping activation
DEBUG main org.hibernate.secure.spi.JaccIntegrator - Skipping JACC integration as it was not enabled
DEBUG main org.hibernate.engine.spi.CascadeStyles - External cascade style regsitration [persist : STYLE_PERSIST_SKIPLAZY] overrode base registration [STYLE_PERSIST]
DEBUG main org.hibernate.internal.SessionFactoryImpl - Instantiated session factory
DEBUG main org.hibernate.boot.internal.ClassLoaderAccessImpl - Not known whether passed class name [br.com.caelum.tarefas.modelo.Tarefa] is safe
DEBUG main org.hibernate.boot.internal.ClassLoaderAccessImpl - No temp ClassLoader provided; using live ClassLoader for loading potentially unsafe class : br.com.caelum.tarefas.modelo.Tarefa
DEBUG main org.hibernate.boot.internal.ClassLoaderAccessImpl - Not known whether passed class name [br.com.caelum.tarefas.modelo.Tarefa] is safe
DEBUG main org.hibernate.boot.internal.ClassLoaderAccessImpl - No temp ClassLoader provided; using live ClassLoader for loading potentially unsafe class : br.com.caelum.tarefas.modelo.Tarefa
DEBUG main org.hibernate.persister.entity.AbstractEntityPersister - Static SQL for entity: br.com.caelum.tarefas.modelo.Tarefa
DEBUG main org.hibernate.persister.entity.AbstractEntityPersister -  Version select: select id from Tarefa where id =?
DEBUG main org.hibernate.persister.entity.AbstractEntityPersister -  Snapshot select: select tarefa_.id, tarefa_.dataFinalizacao as dataFina2_0_, tarefa_.descricao as descrica3_0_, tarefa_.finalizado as finaliza4_0_ from Tarefa tarefa_ where tarefa_.id=?
DEBUG main org.hibernate.persister.entity.AbstractEntityPersister -  Insert 0: insert into Tarefa (dataFinalizacao, descricao, finalizado, id) values (?, ?, ?, ?)
DEBUG main org.hibernate.persister.entity.AbstractEntityPersister -  Update 0: update Tarefa set dataFinalizacao=?, descricao=?, finalizado=? where id=?
DEBUG main org.hibernate.persister.entity.AbstractEntityPersister -  Delete 0: delete from Tarefa where id=?
DEBUG main org.hibernate.loader.plan.build.internal.spaces.QuerySpacesImpl - Adding QuerySpace : uid = <gen:0> -> org.hibernate.loader.plan.build.internal.spaces.EntityQuerySpaceImpl@3016fd5e]
DEBUG main org.hibernate.persister.walking.spi.MetamodelGraphWalker - Visiting attribute path : dataFinalizacao
DEBUG main org.hibernate.persister.walking.spi.MetamodelGraphWalker - Visiting attribute path : descricao
DEBUG main org.hibernate.persister.walking.spi.MetamodelGraphWalker - Visiting attribute path : finalizado
DEBUG main org.hibernate.loader.plan.build.internal.FetchStyleLoadPlanBuildingAssociationVisitationStrategy - Building LoadPlan...
DEBUG main org.hibernate.loader.plan.exec.internal.LoadQueryJoinAndFetchProcessor - processing queryspace <gen:0>
DEBUG main org.hibernate.loader.plan.build.spi.LoadPlanTreePrinter - LoadPlan(entity=br.com.caelum.tarefas.modelo.Tarefa)
    - Returns
       - EntityReturnImpl(entity=br.com.caelum.tarefas.modelo.Tarefa, querySpaceUid=<gen:0>, path=br.com.caelum.tarefas.modelo.Tarefa)
    - QuerySpaces
       - EntityQuerySpaceImpl(uid=<gen:0>, entity=br.com.caelum.tarefas.modelo.Tarefa)
          - SQL table alias mapping - tarefa0_
          - alias suffix - 0_
          - suffixed key columns - {id1_0_0_}

DEBUG main org.hibernate.loader.entity.plan.EntityLoader - Static select for entity br.com.caelum.tarefas.modelo.Tarefa [NONE]: select tarefa0_.id as id1_0_0_, tarefa0_.dataFinalizacao as dataFina2_0_0_, tarefa0_.descricao as descrica3_0_0_, tarefa0_.finalizado as finaliza4_0_0_ from Tarefa tarefa0_ where tarefa0_.id=?
DEBUG main org.hibernate.loader.plan.build.internal.spaces.QuerySpacesImpl - Adding QuerySpace : uid = <gen:0> -> org.hibernate.loader.plan.build.internal.spaces.EntityQuerySpaceImpl@4983159f]
DEBUG main org.hibernate.persister.walking.spi.MetamodelGraphWalker - Visiting attribute path : dataFinalizacao
DEBUG main org.hibernate.persister.walking.spi.MetamodelGraphWalker - Visiting attribute path : descricao
DEBUG main org.hibernate.persister.walking.spi.MetamodelGraphWalker - Visiting attribute path : finalizado
DEBUG main org.hibernate.loader.plan.build.internal.FetchStyleLoadPlanBuildingAssociationVisitationStrategy - Building LoadPlan...
DEBUG main org.hibernate.loader.plan.exec.internal.LoadQueryJoinAndFetchProcessor - processing queryspace <gen:0>
DEBUG main org.hibernate.loader.plan.build.spi.LoadPlanTreePrinter - LoadPlan(entity=br.com.caelum.tarefas.modelo.Tarefa)
    - Returns
       - EntityReturnImpl(entity=br.com.caelum.tarefas.modelo.Tarefa, querySpaceUid=<gen:0>, path=br.com.caelum.tarefas.modelo.Tarefa)
    - QuerySpaces
       - EntityQuerySpaceImpl(uid=<gen:0>, entity=br.com.caelum.tarefas.modelo.Tarefa)
          - SQL table alias mapping - tarefa0_
          - alias suffix - 0_
          - suffixed key columns - {id1_0_0_}

DEBUG main org.hibernate.loader.entity.plan.EntityLoader - Static select for entity br.com.caelum.tarefas.modelo.Tarefa [READ]: select tarefa0_.id as id1_0_0_, tarefa0_.dataFinalizacao as dataFina2_0_0_, tarefa0_.descricao as descrica3_0_0_, tarefa0_.finalizado as finaliza4_0_0_ from Tarefa tarefa0_ where tarefa0_.id=?
DEBUG main org.hibernate.loader.plan.build.internal.spaces.QuerySpacesImpl - Adding QuerySpace : uid = <gen:0> -> org.hibernate.loader.plan.build.internal.spaces.EntityQuerySpaceImpl@101639ae]
DEBUG main org.hibernate.persister.walking.spi.MetamodelGraphWalker - Visiting attribute path : dataFinalizacao
DEBUG main org.hibernate.persister.walking.spi.MetamodelGraphWalker - Visiting attribute path : descricao
DEBUG main org.hibernate.persister.walking.spi.MetamodelGraphWalker - Visiting attribute path : finalizado
DEBUG main org.hibernate.loader.plan.build.internal.FetchStyleLoadPlanBuildingAssociationVisitationStrategy - Building LoadPlan...
DEBUG main org.hibernate.loader.plan.exec.internal.LoadQueryJoinAndFetchProcessor - processing queryspace <gen:0>
DEBUG main org.hibernate.loader.plan.build.spi.LoadPlanTreePrinter - LoadPlan(entity=br.com.caelum.tarefas.modelo.Tarefa)
    - Returns
       - EntityReturnImpl(entity=br.com.caelum.tarefas.modelo.Tarefa, querySpaceUid=<gen:0>, path=br.com.caelum.tarefas.modelo.Tarefa)
    - QuerySpaces
       - EntityQuerySpaceImpl(uid=<gen:0>, entity=br.com.caelum.tarefas.modelo.Tarefa)
          - SQL table alias mapping - tarefa0_
          - alias suffix - 0_
          - suffixed key columns - {id1_0_0_}

DEBUG main org.hibernate.loader.entity.plan.EntityLoader - Static select for entity br.com.caelum.tarefas.modelo.Tarefa [UPGRADE]: select tarefa0_.id as id1_0_0_, tarefa0_.dataFinalizacao as dataFina2_0_0_, tarefa0_.descricao as descrica3_0_0_, tarefa0_.finalizado as finaliza4_0_0_ from Tarefa tarefa0_ where tarefa0_.id=? for update
DEBUG main org.hibernate.loader.plan.build.internal.spaces.QuerySpacesImpl - Adding QuerySpace : uid = <gen:0> -> org.hibernate.loader.plan.build.internal.spaces.EntityQuerySpaceImpl@1d2bd371]
DEBUG main org.hibernate.persister.walking.spi.MetamodelGraphWalker - Visiting attribute path : dataFinalizacao
DEBUG main org.hibernate.persister.walking.spi.MetamodelGraphWalker - Visiting attribute path : descricao
DEBUG main org.hibernate.persister.walking.spi.MetamodelGraphWalker - Visiting attribute path : finalizado
DEBUG main org.hibernate.loader.plan.build.internal.FetchStyleLoadPlanBuildingAssociationVisitationStrategy - Building LoadPlan...
DEBUG main org.hibernate.loader.plan.exec.internal.LoadQueryJoinAndFetchProcessor - processing queryspace <gen:0>
DEBUG main org.hibernate.loader.plan.build.spi.LoadPlanTreePrinter - LoadPlan(entity=br.com.caelum.tarefas.modelo.Tarefa)
    - Returns
       - EntityReturnImpl(entity=br.com.caelum.tarefas.modelo.Tarefa, querySpaceUid=<gen:0>, path=br.com.caelum.tarefas.modelo.Tarefa)
    - QuerySpaces
       - EntityQuerySpaceImpl(uid=<gen:0>, entity=br.com.caelum.tarefas.modelo.Tarefa)
          - SQL table alias mapping - tarefa0_
          - alias suffix - 0_
          - suffixed key columns - {id1_0_0_}

DEBUG main org.hibernate.loader.entity.plan.EntityLoader - Static select for entity br.com.caelum.tarefas.modelo.Tarefa [UPGRADE_NOWAIT]: select tarefa0_.id as id1_0_0_, tarefa0_.dataFinalizacao as dataFina2_0_0_, tarefa0_.descricao as descrica3_0_0_, tarefa0_.finalizado as finaliza4_0_0_ from Tarefa tarefa0_ where tarefa0_.id=? for update
DEBUG main org.hibernate.loader.plan.build.internal.spaces.QuerySpacesImpl - Adding QuerySpace : uid = <gen:0> -> org.hibernate.loader.plan.build.internal.spaces.EntityQuerySpaceImpl@65fe9e33]
DEBUG main org.hibernate.persister.walking.spi.MetamodelGraphWalker - Visiting attribute path : dataFinalizacao
DEBUG main org.hibernate.persister.walking.spi.MetamodelGraphWalker - Visiting attribute path : descricao
DEBUG main org.hibernate.persister.walking.spi.MetamodelGraphWalker - Visiting attribute path : finalizado
DEBUG main org.hibernate.loader.plan.build.internal.FetchStyleLoadPlanBuildingAssociationVisitationStrategy - Building LoadPlan...
DEBUG main org.hibernate.loader.plan.exec.internal.LoadQueryJoinAndFetchProcessor - processing queryspace <gen:0>
DEBUG main org.hibernate.loader.plan.build.spi.LoadPlanTreePrinter - LoadPlan(entity=br.com.caelum.tarefas.modelo.Tarefa)
    - Returns
       - EntityReturnImpl(entity=br.com.caelum.tarefas.modelo.Tarefa, querySpaceUid=<gen:0>, path=br.com.caelum.tarefas.modelo.Tarefa)
    - QuerySpaces
       - EntityQuerySpaceImpl(uid=<gen:0>, entity=br.com.caelum.tarefas.modelo.Tarefa)
          - SQL table alias mapping - tarefa0_
          - alias suffix - 0_
          - suffixed key columns - {id1_0_0_}

DEBUG main org.hibernate.loader.entity.plan.EntityLoader - Static select for entity br.com.caelum.tarefas.modelo.Tarefa [UPGRADE_SKIPLOCKED]: select tarefa0_.id as id1_0_0_, tarefa0_.dataFinalizacao as dataFina2_0_0_, tarefa0_.descricao as descrica3_0_0_, tarefa0_.finalizado as finaliza4_0_0_ from Tarefa tarefa0_ where tarefa0_.id=? for update
DEBUG main org.hibernate.loader.plan.build.internal.spaces.QuerySpacesImpl - Adding QuerySpace : uid = <gen:0> -> org.hibernate.loader.plan.build.internal.spaces.EntityQuerySpaceImpl@42f8285e]
DEBUG main org.hibernate.persister.walking.spi.MetamodelGraphWalker - Visiting attribute path : dataFinalizacao
DEBUG main org.hibernate.persister.walking.spi.MetamodelGraphWalker - Visiting attribute path : descricao
DEBUG main org.hibernate.persister.walking.spi.MetamodelGraphWalker - Visiting attribute path : finalizado
DEBUG main org.hibernate.loader.plan.build.internal.FetchStyleLoadPlanBuildingAssociationVisitationStrategy - Building LoadPlan...
DEBUG main org.hibernate.loader.plan.exec.internal.LoadQueryJoinAndFetchProcessor - processing queryspace <gen:0>
DEBUG main org.hibernate.loader.plan.build.spi.LoadPlanTreePrinter - LoadPlan(entity=br.com.caelum.tarefas.modelo.Tarefa)
    - Returns
       - EntityReturnImpl(entity=br.com.caelum.tarefas.modelo.Tarefa, querySpaceUid=<gen:0>, path=br.com.caelum.tarefas.modelo.Tarefa)
    - QuerySpaces
       - EntityQuerySpaceImpl(uid=<gen:0>, entity=br.com.caelum.tarefas.modelo.Tarefa)
          - SQL table alias mapping - tarefa0_
          - alias suffix - 0_
          - suffixed key columns - {id1_0_0_}

DEBUG main org.hibernate.loader.entity.plan.EntityLoader - Static select for entity br.com.caelum.tarefas.modelo.Tarefa [FORCE]: select tarefa0_.id as id1_0_0_, tarefa0_.dataFinalizacao as dataFina2_0_0_, tarefa0_.descricao as descrica3_0_0_, tarefa0_.finalizado as finaliza4_0_0_ from Tarefa tarefa0_ where tarefa0_.id=? for update
DEBUG main org.hibernate.loader.plan.build.internal.spaces.QuerySpacesImpl - Adding QuerySpace : uid = <gen:0> -> org.hibernate.loader.plan.build.internal.spaces.EntityQuerySpaceImpl@3724af13]
DEBUG main org.hibernate.persister.walking.spi.MetamodelGraphWalker - Visiting attribute path : dataFinalizacao
DEBUG main org.hibernate.persister.walking.spi.MetamodelGraphWalker - Visiting attribute path : descricao
DEBUG main org.hibernate.persister.walking.spi.MetamodelGraphWalker - Visiting attribute path : finalizado
DEBUG main org.hibernate.loader.plan.build.internal.FetchStyleLoadPlanBuildingAssociationVisitationStrategy - Building LoadPlan...
DEBUG main org.hibernate.loader.plan.exec.internal.LoadQueryJoinAndFetchProcessor - processing queryspace <gen:0>
DEBUG main org.hibernate.loader.plan.build.spi.LoadPlanTreePrinter - LoadPlan(entity=br.com.caelum.tarefas.modelo.Tarefa)
    - Returns
       - EntityReturnImpl(entity=br.com.caelum.tarefas.modelo.Tarefa, querySpaceUid=<gen:0>, path=br.com.caelum.tarefas.modelo.Tarefa)
    - QuerySpaces
       - EntityQuerySpaceImpl(uid=<gen:0>, entity=br.com.caelum.tarefas.modelo.Tarefa)
          - SQL table alias mapping - tarefa0_
          - alias suffix - 0_
          - suffixed key columns - {id1_0_0_}

DEBUG main org.hibernate.loader.entity.plan.EntityLoader - Static select for entity br.com.caelum.tarefas.modelo.Tarefa [PESSIMISTIC_READ]: select tarefa0_.id as id1_0_0_, tarefa0_.dataFinalizacao as dataFina2_0_0_, tarefa0_.descricao as descrica3_0_0_, tarefa0_.finalizado as finaliza4_0_0_ from Tarefa tarefa0_ where tarefa0_.id=? lock in share mode
DEBUG main org.hibernate.loader.plan.build.internal.spaces.QuerySpacesImpl - Adding QuerySpace : uid = <gen:0> -> org.hibernate.loader.plan.build.internal.spaces.EntityQuerySpaceImpl@6b53bcc2]
DEBUG main org.hibernate.persister.walking.spi.MetamodelGraphWalker - Visiting attribute path : dataFinalizacao
DEBUG main org.hibernate.persister.walking.spi.MetamodelGraphWalker - Visiting attribute path : descricao
DEBUG main org.hibernate.persister.walking.spi.MetamodelGraphWalker - Visiting attribute path : finalizado
DEBUG main org.hibernate.loader.plan.build.internal.FetchStyleLoadPlanBuildingAssociationVisitationStrategy - Building LoadPlan...
DEBUG main org.hibernate.loader.plan.exec.internal.LoadQueryJoinAndFetchProcessor - processing queryspace <gen:0>
DEBUG main org.hibernate.loader.plan.build.spi.LoadPlanTreePrinter - LoadPlan(entity=br.com.caelum.tarefas.modelo.Tarefa)
    - Returns
       - EntityReturnImpl(entity=br.com.caelum.tarefas.modelo.Tarefa, querySpaceUid=<gen:0>, path=br.com.caelum.tarefas.modelo.Tarefa)
    - QuerySpaces
       - EntityQuerySpaceImpl(uid=<gen:0>, entity=br.com.caelum.tarefas.modelo.Tarefa)
          - SQL table alias mapping - tarefa0_
          - alias suffix - 0_
          - suffixed key columns - {id1_0_0_}

DEBUG main org.hibernate.loader.entity.plan.EntityLoader - Static select for entity br.com.caelum.tarefas.modelo.Tarefa [PESSIMISTIC_WRITE]: select tarefa0_.id as id1_0_0_, tarefa0_.dataFinalizacao as dataFina2_0_0_, tarefa0_.descricao as descrica3_0_0_, tarefa0_.finalizado as finaliza4_0_0_ from Tarefa tarefa0_ where tarefa0_.id=? for update
DEBUG main org.hibernate.loader.plan.build.internal.spaces.QuerySpacesImpl - Adding QuerySpace : uid = <gen:0> -> org.hibernate.loader.plan.build.internal.spaces.EntityQuerySpaceImpl@a43ce46]
DEBUG main org.hibernate.persister.walking.spi.MetamodelGraphWalker - Visiting attribute path : dataFinalizacao
DEBUG main org.hibernate.persister.walking.spi.MetamodelGraphWalker - Visiting attribute path : descricao
DEBUG main org.hibernate.persister.walking.spi.MetamodelGraphWalker - Visiting attribute path : finalizado
DEBUG main org.hibernate.loader.plan.build.internal.FetchStyleLoadPlanBuildingAssociationVisitationStrategy - Building LoadPlan...
DEBUG main org.hibernate.loader.plan.exec.internal.LoadQueryJoinAndFetchProcessor - processing queryspace <gen:0>
DEBUG main org.hibernate.loader.plan.build.spi.LoadPlanTreePrinter - LoadPlan(entity=br.com.caelum.tarefas.modelo.Tarefa)
    - Returns
       - EntityReturnImpl(entity=br.com.caelum.tarefas.modelo.Tarefa, querySpaceUid=<gen:0>, path=br.com.caelum.tarefas.modelo.Tarefa)
    - QuerySpaces
       - EntityQuerySpaceImpl(uid=<gen:0>, entity=br.com.caelum.tarefas.modelo.Tarefa)
          - SQL table alias mapping - tarefa0_
          - alias suffix - 0_
          - suffixed key columns - {id1_0_0_}

DEBUG main org.hibernate.loader.entity.plan.EntityLoader - Static select for entity br.com.caelum.tarefas.modelo.Tarefa [PESSIMISTIC_FORCE_INCREMENT]: select tarefa0_.id as id1_0_0_, tarefa0_.dataFinalizacao as dataFina2_0_0_, tarefa0_.descricao as descrica3_0_0_, tarefa0_.finalizado as finaliza4_0_0_ from Tarefa tarefa0_ where tarefa0_.id=? for update
DEBUG main org.hibernate.loader.plan.build.internal.spaces.QuerySpacesImpl - Adding QuerySpace : uid = <gen:0> -> org.hibernate.loader.plan.build.internal.spaces.EntityQuerySpaceImpl@424ebba3]
DEBUG main org.hibernate.persister.walking.spi.MetamodelGraphWalker - Visiting attribute path : dataFinalizacao
DEBUG main org.hibernate.persister.walking.spi.MetamodelGraphWalker - Visiting attribute path : descricao
DEBUG main org.hibernate.persister.walking.spi.MetamodelGraphWalker - Visiting attribute path : finalizado
DEBUG main org.hibernate.loader.plan.build.internal.FetchStyleLoadPlanBuildingAssociationVisitationStrategy - Building LoadPlan...
DEBUG main org.hibernate.loader.plan.exec.internal.LoadQueryJoinAndFetchProcessor - processing queryspace <gen:0>
DEBUG main org.hibernate.loader.plan.build.spi.LoadPlanTreePrinter - LoadPlan(entity=br.com.caelum.tarefas.modelo.Tarefa)
    - Returns
       - EntityReturnImpl(entity=br.com.caelum.tarefas.modelo.Tarefa, querySpaceUid=<gen:0>, path=br.com.caelum.tarefas.modelo.Tarefa)
    - QuerySpaces
       - EntityQuerySpaceImpl(uid=<gen:0>, entity=br.com.caelum.tarefas.modelo.Tarefa)
          - SQL table alias mapping - tarefa0_
          - alias suffix - 0_
          - suffixed key columns - {id1_0_0_}

DEBUG main org.hibernate.loader.entity.plan.EntityLoader - Static select for entity br.com.caelum.tarefas.modelo.Tarefa [OPTIMISTIC]: select tarefa0_.id as id1_0_0_, tarefa0_.dataFinalizacao as dataFina2_0_0_, tarefa0_.descricao as descrica3_0_0_, tarefa0_.finalizado as finaliza4_0_0_ from Tarefa tarefa0_ where tarefa0_.id=?
DEBUG main org.hibernate.loader.plan.build.internal.spaces.QuerySpacesImpl - Adding QuerySpace : uid = <gen:0> -> org.hibernate.loader.plan.build.internal.spaces.EntityQuerySpaceImpl@2320fa6f]
DEBUG main org.hibernate.persister.walking.spi.MetamodelGraphWalker - Visiting attribute path : dataFinalizacao
DEBUG main org.hibernate.persister.walking.spi.MetamodelGraphWalker - Visiting attribute path : descricao
DEBUG main org.hibernate.persister.walking.spi.MetamodelGraphWalker - Visiting attribute path : finalizado
DEBUG main org.hibernate.loader.plan.build.internal.FetchStyleLoadPlanBuildingAssociationVisitationStrategy - Building LoadPlan...
DEBUG main org.hibernate.loader.plan.exec.internal.LoadQueryJoinAndFetchProcessor - processing queryspace <gen:0>
DEBUG main org.hibernate.loader.plan.build.spi.LoadPlanTreePrinter - LoadPlan(entity=br.com.caelum.tarefas.modelo.Tarefa)
    - Returns
       - EntityReturnImpl(entity=br.com.caelum.tarefas.modelo.Tarefa, querySpaceUid=<gen:0>, path=br.com.caelum.tarefas.modelo.Tarefa)
    - QuerySpaces
       - EntityQuerySpaceImpl(uid=<gen:0>, entity=br.com.caelum.tarefas.modelo.Tarefa)
          - SQL table alias mapping - tarefa0_
          - alias suffix - 0_
          - suffixed key columns - {id1_0_0_}

DEBUG main org.hibernate.loader.entity.plan.EntityLoader - Static select for entity br.com.caelum.tarefas.modelo.Tarefa [OPTIMISTIC_FORCE_INCREMENT]: select tarefa0_.id as id1_0_0_, tarefa0_.dataFinalizacao as dataFina2_0_0_, tarefa0_.descricao as descrica3_0_0_, tarefa0_.finalizado as finaliza4_0_0_ from Tarefa tarefa0_ where tarefa0_.id=?
DEBUG main org.hibernate.loader.Loader - Static select for action ACTION_MERGE on entity br.com.caelum.tarefas.modelo.Tarefa: select tarefa0_.id as id1_0_0_, tarefa0_.dataFinalizacao as dataFina2_0_0_, tarefa0_.descricao as descrica3_0_0_, tarefa0_.finalizado as finaliza4_0_0_ from Tarefa tarefa0_ where tarefa0_.id=?
DEBUG main org.hibernate.loader.Loader - Static select for action ACTION_REFRESH on entity br.com.caelum.tarefas.modelo.Tarefa: select tarefa0_.id as id1_0_0_, tarefa0_.dataFinalizacao as dataFina2_0_0_, tarefa0_.descricao as descrica3_0_0_, tarefa0_.finalizado as finaliza4_0_0_ from Tarefa tarefa0_ where tarefa0_.id=?
INFO main org.hibernate.orm.connections.access - HHH10001501: Connection obtained from JdbcConnectionAccess [org.hibernate.engine.jdbc.env.internal.JdbcEnvironmentInitiator$ConnectionProviderJdbcConnectionAccess@39ad977d] for (non-JTA) DDL execution was not in auto-commit mode; the Connection 'local transaction' will be committed and the Connection will be set into auto-commit mode.
DEBUG main org.hibernate.mapping.Table - No alter strings for table : hibernate_sequence
DEBUG main org.hibernate.mapping.Table - No alter strings for table : Tarefa
DEBUG main org.hibernate.engine.transaction.jta.platform.internal.JtaPlatformInitiator - No JtaPlatform was specified, checking resolver
DEBUG main org.hibernate.engine.transaction.jta.platform.internal.JtaPlatformResolverInitiator - No JtaPlatformResolver was specified, using default [org.hibernate.engine.transaction.jta.platform.internal.StandardJtaPlatformResolver]
DEBUG main org.hibernate.engine.transaction.jta.platform.internal.StandardJtaPlatformResolver - Could not resolve JtaPlatform, using default [org.hibernate.engine.transaction.jta.platform.internal.NoJtaPlatform]
DEBUG main org.hibernate.query.spi.NamedQueryRepository - Checking 0 named HQL queries
DEBUG main org.hibernate.query.spi.NamedQueryRepository - Checking 0 named SQL queries
DEBUG main org.hibernate.internal.SessionFactoryRegistry - Initializing SessionFactoryRegistry : org.hibernate.internal.SessionFactoryRegistry@25b2cfcb
DEBUG main org.hibernate.internal.SessionFactoryRegistry - Registering SessionFactory: 36a4a785-7c46-4320-8ead-d53695e85fcb (<unnamed>)
DEBUG main org.hibernate.internal.SessionFactoryRegistry - Not binding SessionFactory to JNDI, no JNDI name configured
DEBUG main org.hibernate.stat.internal.StatisticsInitiator - Statistics initialized [enabled=false]
DEBUG main org.hibernate.hql.internal.QueryTranslatorFactoryInitiator - QueryTranslatorFactory : org.hibernate.hql.internal.ast.ASTQueryTranslatorFactory@293d0107
INFO main org.hibernate.hql.internal.QueryTranslatorFactoryInitiator - HHH000397: Using ASTQueryTranslatorFactory
DEBUG main org.hibernate.hql.internal.ast.QueryTranslatorImpl - parse() - HQL: select t from br.com.caelum.tarefas.modelo.Tarefa as t where t.finalizado = :paramFinalizado
DEBUG main org.hibernate.hql.internal.ast.QueryTranslatorImpl - --- HQL AST ---
 \-[QUERY] Node: 'query'
    +-[SELECT_FROM] Node: 'SELECT_FROM'
    |  +-[FROM] Node: 'from'
    |  |  \-[RANGE] Node: 'RANGE'
    |  |     +-[DOT] Node: '.'
    |  |     |  +-[DOT] Node: '.'
    |  |     |  |  +-[DOT] Node: '.'
    |  |     |  |  |  +-[DOT] Node: '.'
    |  |     |  |  |  |  +-[DOT] Node: '.'
    |  |     |  |  |  |  |  +-[IDENT] Node: 'br'
    |  |     |  |  |  |  |  \-[IDENT] Node: 'com'
    |  |     |  |  |  |  \-[IDENT] Node: 'caelum'
    |  |     |  |  |  \-[IDENT] Node: 'tarefas'
    |  |     |  |  \-[IDENT] Node: 'modelo'
    |  |     |  \-[IDENT] Node: 'Tarefa'
    |  |     \-[ALIAS] Node: 't'
    |  \-[SELECT] Node: 'select'
    |     \-[IDENT] Node: 't'
    \-[WHERE] Node: 'where'
       \-[EQ] Node: '='
          +-[DOT] Node: '.'
          |  +-[IDENT] Node: 't'
          |  \-[IDENT] Node: 'finalizado'
          \-[COLON] Node: ':'
             \-[IDENT] Node: 'paramFinalizado'

DEBUG main org.hibernate.hql.internal.ast.ErrorCounter - throwQueryException() : no errors
DEBUG main org.hibernate.hql.internal.antlr.HqlSqlBaseWalker - select << begin [level=1, statement=select]
DEBUG main org.hibernate.hql.internal.ast.tree.FromElement - FromClause{level=1} : br.com.caelum.tarefas.modelo.Tarefa (t) -> tarefa0_
DEBUG main org.hibernate.hql.internal.ast.tree.FromReferenceNode - Resolved : t -> tarefa0_.id
DEBUG main org.hibernate.hql.internal.ast.tree.FromReferenceNode - Resolved : t -> tarefa0_.id
DEBUG main org.hibernate.hql.internal.ast.tree.DotNode - getDataType() : finalizado -> org.hibernate.type.BooleanType@1e4a7dd4
DEBUG main org.hibernate.hql.internal.ast.tree.FromReferenceNode - Resolved : t.finalizado -> tarefa0_.finalizado
DEBUG main org.hibernate.hql.internal.antlr.HqlSqlBaseWalker - select : finishing up [level=1, statement=select]
DEBUG main org.hibernate.hql.internal.ast.HqlSqlWalker - processQuery() :  ( SELECT ( {select clause} tarefa0_.id ) ( FromClause{level=1} Tarefa tarefa0_ ) ( where ( = ( tarefa0_.finalizado tarefa0_.id finalizado ) ? ) ) )
DEBUG main org.hibernate.hql.internal.ast.util.JoinProcessor - Using FROM fragment [Tarefa tarefa0_]
DEBUG main org.hibernate.hql.internal.antlr.HqlSqlBaseWalker - select >> end [level=1, statement=select]
DEBUG main org.hibernate.hql.internal.ast.QueryTranslatorImpl - --- SQL AST ---
 \-[SELECT] QueryNode: 'SELECT'  querySpaces (Tarefa)
    +-[SELECT_CLAUSE] SelectClause: '{select clause}'
    |  +-[ALIAS_REF] IdentNode: 'tarefa0_.id as id1_0_' {alias=t, className=br.com.caelum.tarefas.modelo.Tarefa, tableAlias=tarefa0_}
    |  \-[SQL_TOKEN] SqlFragment: 'tarefa0_.dataFinalizacao as dataFina2_0_, tarefa0_.descricao as descrica3_0_, tarefa0_.finalizado as finaliza4_0_'
    +-[FROM] FromClause: 'from' FromClause{level=1, fromElementCounter=1, fromElements=1, fromElementByClassAlias=[t], fromElementByTableAlias=[tarefa0_], fromElementsByPath=[], collectionJoinFromElementsByPath=[], impliedElements=[]}
    |  \-[FROM_FRAGMENT] FromElement: 'Tarefa tarefa0_' FromElement{explicit,not a collection join,not a fetch join,fetch non-lazy properties,classAlias=t,role=null,tableName=Tarefa,tableAlias=tarefa0_,origin=null,columns={,className=br.com.caelum.tarefas.modelo.Tarefa}}
    \-[WHERE] SqlNode: 'where'
       \-[EQ] BinaryLogicOperatorNode: '='
          +-[DOT] DotNode: 'tarefa0_.finalizado' {propertyName=finalizado,dereferenceType=PRIMITIVE,getPropertyPath=finalizado,path=t.finalizado,tableAlias=tarefa0_,className=br.com.caelum.tarefas.modelo.Tarefa,classAlias=t}
          |  +-[ALIAS_REF] IdentNode: 'tarefa0_.id' {alias=t, className=br.com.caelum.tarefas.modelo.Tarefa, tableAlias=tarefa0_}
          |  \-[IDENT] IdentNode: 'finalizado' {originalText=finalizado}
          \-[NAMED_PARAM] ParameterNode: '?' {name=paramFinalizado, expectedType=org.hibernate.type.BooleanType@1e4a7dd4}

DEBUG main org.hibernate.hql.internal.ast.ErrorCounter - throwQueryException() : no errors
DEBUG main org.hibernate.hql.internal.ast.QueryTranslatorImpl - HQL: select t from br.com.caelum.tarefas.modelo.Tarefa as t where t.finalizado = :paramFinalizado
DEBUG main org.hibernate.hql.internal.ast.QueryTranslatorImpl - SQL: select tarefa0_.id as id1_0_, tarefa0_.dataFinalizacao as dataFina2_0_, tarefa0_.descricao as descrica3_0_, tarefa0_.finalizado as finaliza4_0_ from Tarefa tarefa0_ where tarefa0_.finalizado=?
DEBUG main org.hibernate.hql.internal.ast.ErrorCounter - throwQueryException() : no errors
DEBUG main org.hibernate.SQL - 
    select
        tarefa0_.id as id1_0_,
        tarefa0_.dataFinalizacao as dataFina2_0_,
        tarefa0_.descricao as descrica3_0_,
        tarefa0_.finalizado as finaliza4_0_ 
    from
        Tarefa tarefa0_ 
    where
        tarefa0_.finalizado=?
DEBUG main org.hibernate.loader.Loader - Result set row: 0
DEBUG main org.hibernate.loader.Loader - Result row: EntityKey[br.com.caelum.tarefas.modelo.Tarefa#1]
DEBUG main org.hibernate.loader.Loader - Result set row: 1
DEBUG main org.hibernate.loader.Loader - Result row: EntityKey[br.com.caelum.tarefas.modelo.Tarefa#4]
DEBUG main org.hibernate.loader.Loader - Result set row: 2
DEBUG main org.hibernate.loader.Loader - Result row: EntityKey[br.com.caelum.tarefas.modelo.Tarefa#5]
DEBUG main org.hibernate.loader.Loader - Result set row: 3
DEBUG main org.hibernate.loader.Loader - Result row: EntityKey[br.com.caelum.tarefas.modelo.Tarefa#6]
DEBUG main org.hibernate.loader.Loader - Result set row: 4
DEBUG main org.hibernate.loader.Loader - Result row: EntityKey[br.com.caelum.tarefas.modelo.Tarefa#7]
DEBUG main org.hibernate.engine.internal.TwoPhaseLoad - Resolving associations for [br.com.caelum.tarefas.modelo.Tarefa#1]
DEBUG main org.hibernate.engine.internal.TwoPhaseLoad - Done materializing entity [br.com.caelum.tarefas.modelo.Tarefa#1]
DEBUG main org.hibernate.engine.internal.TwoPhaseLoad - Resolving associations for [br.com.caelum.tarefas.modelo.Tarefa#4]
DEBUG main org.hibernate.engine.internal.TwoPhaseLoad - Done materializing entity [br.com.caelum.tarefas.modelo.Tarefa#4]
DEBUG main org.hibernate.engine.internal.TwoPhaseLoad - Resolving associations for [br.com.caelum.tarefas.modelo.Tarefa#5]
DEBUG main org.hibernate.engine.internal.TwoPhaseLoad - Done materializing entity [br.com.caelum.tarefas.modelo.Tarefa#5]
DEBUG main org.hibernate.engine.internal.TwoPhaseLoad - Resolving associations for [br.com.caelum.tarefas.modelo.Tarefa#6]
DEBUG main org.hibernate.engine.internal.TwoPhaseLoad - Done materializing entity [br.com.caelum.tarefas.modelo.Tarefa#6]
DEBUG main org.hibernate.engine.internal.TwoPhaseLoad - Resolving associations for [br.com.caelum.tarefas.modelo.Tarefa#7]
DEBUG main org.hibernate.engine.internal.TwoPhaseLoad - Done materializing entity [br.com.caelum.tarefas.modelo.Tarefa#7]
DEBUG main org.hibernate.resource.jdbc.internal.LogicalConnectionManagedImpl - Initiating JDBC connection release from afterTransaction
DEBUG pool-1-thread-1 org.hibernate.engine.jdbc.connections.internal.DriverManagerConnectionProviderImpl - Connection pool now considered primed; min-size will be maintained
